[ERROR] 2020-09-23 19:24:41 [main] o.s.boot.SpringApplication - Application run failed
java.lang.IllegalStateException: zookeeper not connected
	at org.apache.dubbo.remoting.zookeeper.curator.CuratorZookeeperClient.<init>(CuratorZookeeperClient.java:83)
	at org.apache.dubbo.remoting.zookeeper.curator.CuratorZookeeperTransporter.createZookeeperClient(CuratorZookeeperTransporter.java:26)
	at org.apache.dubbo.remoting.zookeeper.support.AbstractZookeeperTransporter.connect(AbstractZookeeperTransporter.java:68)
	at org.apache.dubbo.remoting.zookeeper.ZookeeperTransporter$Adaptive.connect(ZookeeperTransporter$Adaptive.java)
	at org.apache.dubbo.configcenter.support.zookeeper.ZookeeperDynamicConfiguration.<init>(ZookeeperDynamicConfiguration.java:70)
	at org.apache.dubbo.configcenter.support.zookeeper.ZookeeperDynamicConfigurationFactory.createDynamicConfiguration(ZookeeperDynamicConfigurationFactory.java:37)
	at org.apache.dubbo.common.config.configcenter.AbstractDynamicConfigurationFactory.lambda$getDynamicConfiguration$0(AbstractDynamicConfigurationFactory.java:39)
	at java.util.concurrent.ConcurrentHashMap.computeIfAbsent(ConcurrentHashMap.java:1660)
	at org.apache.dubbo.common.config.configcenter.AbstractDynamicConfigurationFactory.getDynamicConfiguration(AbstractDynamicConfigurationFactory.java:39)
	at org.apache.dubbo.common.config.configcenter.DynamicConfiguration.getDynamicConfiguration(DynamicConfiguration.java:223)
	at org.apache.dubbo.config.bootstrap.DubboBootstrap.prepareEnvironment(DubboBootstrap.java:815)
	at org.apache.dubbo.config.bootstrap.DubboBootstrap.startConfigCenter(DubboBootstrap.java:560)
	at org.apache.dubbo.config.bootstrap.DubboBootstrap.useRegistryAsConfigCenterIfNecessary(DubboBootstrap.java:624)
	at org.apache.dubbo.config.bootstrap.DubboBootstrap.initialize(DubboBootstrap.java:508)
	at org.apache.dubbo.config.bootstrap.DubboBootstrap.start(DubboBootstrap.java:698)
	at org.apache.dubbo.config.spring.context.DubboBootstrapApplicationListener.onContextRefreshedEvent(DubboBootstrapApplicationListener.java:52)
	at org.apache.dubbo.config.spring.context.DubboBootstrapApplicationListener.onApplicationContextEvent(DubboBootstrapApplicationListener.java:45)
	at org.apache.dubbo.config.spring.context.OneTimeExecutionApplicationContextEventListener.onApplicationEvent(OneTimeExecutionApplicationContextEventListener.java:40)
	at org.springframework.context.event.SimpleApplicationEventMulticaster.doInvokeListener(SimpleApplicationEventMulticaster.java:172)
	at org.springframework.context.event.SimpleApplicationEventMulticaster.invokeListener(SimpleApplicationEventMulticaster.java:165)
	at org.springframework.context.event.SimpleApplicationEventMulticaster.multicastEvent(SimpleApplicationEventMulticaster.java:139)
	at org.springframework.context.support.AbstractApplicationContext.publishEvent(AbstractApplicationContext.java:403)
	at org.springframework.context.support.AbstractApplicationContext.publishEvent(AbstractApplicationContext.java:360)
	at org.springframework.context.support.AbstractApplicationContext.finishRefresh(AbstractApplicationContext.java:897)
	at org.springframework.boot.web.servlet.context.ServletWebServerApplicationContext.finishRefresh(ServletWebServerApplicationContext.java:162)
	at org.springframework.context.support.AbstractApplicationContext.refresh(AbstractApplicationContext.java:553)
	at org.springframework.boot.web.servlet.context.ServletWebServerApplicationContext.refresh(ServletWebServerApplicationContext.java:141)
	at org.springframework.boot.SpringApplication.refresh(SpringApplication.java:747)
	at org.springframework.boot.SpringApplication.refreshContext(SpringApplication.java:397)
	at org.springframework.boot.SpringApplication.run(SpringApplication.java:315)
	at org.springframework.boot.SpringApplication.run(SpringApplication.java:1226)
	at org.springframework.boot.SpringApplication.run(SpringApplication.java:1215)
	at restsparketl.ProviderRestsparketlApplication.main(ProviderRestsparketlApplication.java:14)
Caused by: java.lang.IllegalStateException: zookeeper not connected
	at org.apache.dubbo.remoting.zookeeper.curator.CuratorZookeeperClient.<init>(CuratorZookeeperClient.java:80)
	... 32 common frames omitted
