[WARN ] 2020-09-23 19:24:41 [main] o.s.b.w.s.c.AnnotationConfigServletWebServerApplicationContext - Exception thrown from ApplicationListener handling ContextClosedEvent
java.lang.NullPointerException: null
	at org.apache.dubbo.config.bootstrap.DubboBootstrap.unexportMetadataService(DubboBootstrap.java:857)
	at org.apache.dubbo.config.bootstrap.DubboBootstrap.destroy(DubboBootstrap.java:996)
	at org.apache.dubbo.config.bootstrap.DubboBootstrap.stop(DubboBootstrap.java:776)
	at org.apache.dubbo.config.spring.context.DubboBootstrapApplicationListener.onContextClosedEvent(DubboBootstrapApplicationListener.java:56)
	at org.apache.dubbo.config.spring.context.DubboBootstrapApplicationListener.onApplicationContextEvent(DubboBootstrapApplicationListener.java:47)
	at org.apache.dubbo.config.spring.context.OneTimeExecutionApplicationContextEventListener.onApplicationEvent(OneTimeExecutionApplicationContextEventListener.java:40)
	at org.springframework.context.event.SimpleApplicationEventMulticaster.doInvokeListener(SimpleApplicationEventMulticaster.java:172)
	at org.springframework.context.event.SimpleApplicationEventMulticaster.invokeListener(SimpleApplicationEventMulticaster.java:165)
	at org.springframework.context.event.SimpleApplicationEventMulticaster.multicastEvent(SimpleApplicationEventMulticaster.java:139)
	at org.springframework.context.support.AbstractApplicationContext.publishEvent(AbstractApplicationContext.java:403)
	at org.springframework.context.support.AbstractApplicationContext.publishEvent(AbstractApplicationContext.java:360)
	at org.springframework.context.support.AbstractApplicationContext.doClose(AbstractApplicationContext.java:1012)
	at org.springframework.context.support.AbstractApplicationContext.close(AbstractApplicationContext.java:978)
	at org.springframework.boot.SpringApplication.handleRunFailure(SpringApplication.java:803)
	at org.springframework.boot.SpringApplication.run(SpringApplication.java:325)
	at org.springframework.boot.SpringApplication.run(SpringApplication.java:1226)
	at org.springframework.boot.SpringApplication.run(SpringApplication.java:1215)
	at restsparketl.ProviderRestsparketlApplication.main(ProviderRestsparketlApplication.java:14)
